contents of req.file:
 {
  fieldname: 'video',
  originalname: 'VID_20221114_064215.mp4',
  encoding: '7bit',
  mimetype: 'video/mp4',
  destination: './upload',
  filename: 'video_1771072401511_294723435.mp4',
  path: 'upload/video_1771072401511_294723435.mp4',
  size: 34010246
}

content of uploaded job:
Job {
  queue: <ref *1> Worker {
    _events: [Object: null prototype] {},
    _eventsCount: 0,
    _maxListeners: undefined,
    name: 'video-processing',
    opts: {
      prefix: 'bull',
      drainDelay: 5,
      concurrency: 1,
      lockDuration: 30000,
      maximumRateLimitDelay: 30000,
      maxStalledCount: 1,
      stalledInterval: 30000,
      autorun: true,
      runRetryDelay: 15000,
      connection: [Commander],
      blockingConnection: true,
      lockRenewTime: 15000
    },
    closed: false,
    hasBlockingConnection: false,
    connection: RedisConnection {
      _events: [Object: null prototype],
      _eventsCount: 2,
      _maxListeners: undefined,
      extraOptions: [Object],
      capabilities: [Object],
      status: 'ready',
      dbType: 'redis',
      packageVersion: '5.69.1',
      _client: [Commander],
      opts: [Object],
      skipVersionCheck: false,
      handleClientError: [Function (anonymous)],
      handleClientClose: [Function (anonymous)],
      handleClientReady: [Function (anonymous)],
      initializing: [Promise],
      version: '8.6.0',
      [Symbol(kCapture)]: false
    },
    qualifiedName: 'bull:video-processing',
    keys: {
      '': 'bull:video-processing:',
      active: 'bull:video-processing:active',
      wait: 'bull:video-processing:wait',
      'waiting-children': 'bull:video-processing:waiting-children',
      paused: 'bull:video-processing:paused',
      id: 'bull:video-processing:id',
      delayed: 'bull:video-processing:delayed',
      prioritized: 'bull:video-processing:prioritized',
      'stalled-check': 'bull:video-processing:stalled-check',
      completed: 'bull:video-processing:completed',
      failed: 'bull:video-processing:failed',
      stalled: 'bull:video-processing:stalled',
      repeat: 'bull:video-processing:repeat',
      limiter: 'bull:video-processing:limiter',
      meta: 'bull:video-processing:meta',
      events: 'bull:video-processing:events',
      pc: 'bull:video-processing:pc',
      marker: 'bull:video-processing:marker',
      de: 'bull:video-processing:de'
    },
    toKey: [Function (anonymous)],
    scripts: Scripts {
      queue: [Object],
      version: '5.69.1',
      moveToFinishedKeys: [Array]
    },
    abortDelayController: null,
    blockUntil: 0,
    drained: false,
    limitUntil: 0,
    processorAcceptsSignal: false,
    waiting: null,
    running: true,
    mainLoopRunning: Promise { <pending> },
    _concurrency: 1,
    id: 'f6b885d4-b657-4c24-a026-b6f622f9f238',
    lockManager: LockManager {
      worker: [Circular *1],
      opts: [Object],
      trackedJobs: [Map],
      closed: false,
      lockRenewalTimer: Timeout {
        _idleTimeout: 7500,
        _idlePrev: [TimersList],
        _idleNext: [TimersList],
        _idleStart: 231,
        _onTimeout: [AsyncFunction (anonymous)],
        _timerArgs: undefined,
        _repeat: null,
        _destroyed: false,
        [Symbol(refed)]: true,
        [Symbol(kHasPrimitive)]: false,
        [Symbol(asyncId)]: 16,
        [Symbol(triggerId)]: 0
      }
    },
    processFn: [AsyncFunction (anonymous)],
    blockingConnection: RedisConnection {
      _events: [Object: null prototype],
      _eventsCount: 2,
      _maxListeners: undefined,
      extraOptions: [Object],
      capabilities: [Object],
      status: 'ready',
      dbType: 'redis',
      packageVersion: '5.69.1',
      _client: [Commander],
      opts: [Object],
      skipVersionCheck: false,
      handleClientError: [Function (anonymous)],
      handleClientClose: [Function (anonymous)],
      handleClientReady: [Function (anonymous)],
      initializing: [Promise],
      version: '8.6.0',
      [Symbol(kCapture)]: false
    },
    stalledCheckStopper: [Function (anonymous)],
    [Symbol(kCapture)]: false
  },
  name: 'transcoder',
  data: {
    file: 'upload/video_1771072401511_294723435.mp4',
    name: 'video_1771072401511_294723435.mp4'
  },
  opts: { attempts: 3, backoff: { delay: 1000, type: 'fixed' } },
  id: '1',
  progress: 0,
  returnvalue: null,
  stacktrace: [],
  delay: 0,
  priority: 0,
  attemptsStarted: 1,
  attemptsMade: 0,
  stalledCounter: 0,
  repeatJobKey: undefined,
  timestamp: 1771072401920,
  parentKey: undefined,
  debounceId: undefined,
  deduplicationId: undefined,
  toKey: [Function: bound ],
  scripts: Scripts {
    queue: {
      keys: [Object],
      client: [Promise],
      redisVersion: [Getter],
      toKey: [Function (anonymous)],
      opts: [Object],
      closing: undefined,
      databaseType: 'redis'
    },
    version: '5.69.1',
    moveToFinishedKeys: [
      'bull:video-processing:wait',
      'bull:video-processing:active',
      'bull:video-processing:prioritized',
      'bull:video-processing:events',
      'bull:video-processing:stalled',
      'bull:video-processing:limiter',
      'bull:video-processing:delayed',
      'bull:video-processing:paused',
      'bull:video-processing:meta',
      'bull:video-processing:pc',
      undefined,
      undefined,
      undefined,
      undefined
    ]
  },
  queueQualifiedName: 'bull:video-processing',
  processedOn: 1771073107143,
  token: 'f6b885d4-b657-4c24-a026-b6f622f9f238:0'
}